<?xml version="1.0" encoding="UTF-8"?>
<!-- Generated by org.testng.reporters.JUnitReportReporter -->
<testsuite name="com.vTiger.testScripts.TestDemo" tests="1" time="17.313" ignored="0" failures="0" timestamp="05 Jun 2020 18:07:45 GMT" skipped="0" hostname="Hope" errors="0">
  <testcase name="test" time="17.313" classname="com.vTiger.testScripts.TestDemo"/>
</testsuite> <!-- com.vTiger.testScripts.TestDemo -->
