<?xml version="1.0" encoding="UTF-8"?>
<!-- Generated by org.testng.reporters.JUnitReportReporter -->
<testsuite name="com.vTiger.testScripts.createVendorTest" tests="2" time="62.345" ignored="0" failures="0" timestamp="05 Jun 2020 19:26:51 GMT" skipped="0" hostname="Hope" errors="0">
  <testcase name="vendorCreateTest" time="30.544" classname="com.vTiger.testScripts.createVendorTest"/>
  <testcase name="vendorCreateTest" time="31.801" classname="com.vTiger.testScripts.createVendorTest"/>
</testsuite> <!-- com.vTiger.testScripts.createVendorTest -->
